<testsuites id="" name="" tests="10" failures="0" skipped="0" errors="0" time="20.702751">
<testsuite name="chat/chat-protected.spec.ts" timestamp="2025-06-21T20:16:32.689Z" hostname="chromium" tests="2" failures="0" skipped="0" time="16.39" errors="0">
<testcase name="Chat Page Protection › should redirect unauthenticated users to sign-in" classname="chat/chat-protected.spec.ts" time="6.286">
<system-out>
<![CDATA[✅ Chat page properly protected - redirects to sign-in
]]>
</system-out>
</testcase>
<testcase name="Chat Page Protection › should redirect other protected routes" classname="chat/chat-protected.spec.ts" time="10.104">
<system-out>
<![CDATA[✅ /dashboard properly protected - redirects to sign-in
✅ /academic-chat properly protected - redirects to sign-in
ℹ️ /profile accessible without auth or different redirect
]]>
</system-out>
</testcase>
</testsuite>
<testsuite name="chat/chat-protected.spec.ts" timestamp="2025-06-21T20:16:32.689Z" hostname="firefox" tests="2" failures="0" skipped="0" time="14.821" errors="0">
<testcase name="Chat Page Protection › should redirect unauthenticated users to sign-in" classname="chat/chat-protected.spec.ts" time="5.04">
<system-out>
<![CDATA[✅ Chat page properly protected - redirects to sign-in
]]>
</system-out>
</testcase>
<testcase name="Chat Page Protection › should redirect other protected routes" classname="chat/chat-protected.spec.ts" time="9.781">
<system-out>
<![CDATA[✅ /dashboard properly protected - redirects to sign-in
✅ /academic-chat properly protected - redirects to sign-in
ℹ️ /profile accessible without auth or different redirect
]]>
</system-out>
</testcase>
</testsuite>
<testsuite name="chat/chat-protected.spec.ts" timestamp="2025-06-21T20:16:32.689Z" hostname="webkit" tests="2" failures="0" skipped="0" time="6.643" errors="0">
<testcase name="Chat Page Protection › should redirect unauthenticated users to sign-in" classname="chat/chat-protected.spec.ts" time="2.419">
<system-out>
<![CDATA[✅ Chat page properly protected - redirects to sign-in
]]>
</system-out>
</testcase>
<testcase name="Chat Page Protection › should redirect other protected routes" classname="chat/chat-protected.spec.ts" time="4.224">
<system-out>
<![CDATA[✅ /dashboard properly protected - redirects to sign-in
✅ /academic-chat properly protected - redirects to sign-in
ℹ️ /profile accessible without auth or different redirect
]]>
</system-out>
</testcase>
</testsuite>
<testsuite name="chat/chat-protected.spec.ts" timestamp="2025-06-21T20:16:32.689Z" hostname="Mobile Chrome" tests="2" failures="0" skipped="0" time="6.745" errors="0">
<testcase name="Chat Page Protection › should redirect unauthenticated users to sign-in" classname="chat/chat-protected.spec.ts" time="2.734">
<system-out>
<![CDATA[✅ Chat page properly protected - redirects to sign-in
]]>
</system-out>
</testcase>
<testcase name="Chat Page Protection › should redirect other protected routes" classname="chat/chat-protected.spec.ts" time="4.011">
<system-out>
<![CDATA[✅ /dashboard properly protected - redirects to sign-in
✅ /academic-chat properly protected - redirects to sign-in
ℹ️ /profile accessible without auth or different redirect
]]>
</system-out>
</testcase>
</testsuite>
<testsuite name="chat/chat-protected.spec.ts" timestamp="2025-06-21T20:16:32.689Z" hostname="Mobile Safari" tests="2" failures="0" skipped="0" time="5.819" errors="0">
<testcase name="Chat Page Protection › should redirect unauthenticated users to sign-in" classname="chat/chat-protected.spec.ts" time="2.264">
<system-out>
<![CDATA[✅ Chat page properly protected - redirects to sign-in
]]>
</system-out>
</testcase>
<testcase name="Chat Page Protection › should redirect other protected routes" classname="chat/chat-protected.spec.ts" time="3.555">
<system-out>
<![CDATA[✅ /dashboard properly protected - redirects to sign-in
✅ /academic-chat properly protected - redirects to sign-in
ℹ️ /profile accessible without auth or different redirect
]]>
</system-out>
</testcase>
</testsuite>
</testsuites>