<testsuites id="" name="" tests="105" failures="0" skipped="105" errors="0" time="0.14243199999999995">
<testsuite name="auth/auth.test.ts" timestamp="2025-06-24T16:26:08.689Z" hostname="chromium" tests="2" failures="0" skipped="2" time="0" errors="0">
<testcase name="Sign In Flow › should display sign-in form correctly" classname="auth/auth.test.ts" time="0">
<skipped>
</skipped>
</testcase>
<testcase name="Sign In Flow › should handle form submission" classname="auth/auth.test.ts" time="0">
<skipped>
</skipped>
</testcase>
</testsuite>
<testsuite name="auth/signin-flow.spec.ts" timestamp="2025-06-24T16:26:08.689Z" hostname="chromium" tests="3" failures="0" skipped="3" time="0" errors="0">
<testcase name="Authentication Flow › should display sign-in page correctly" classname="auth/signin-flow.spec.ts" time="0">
<skipped>
</skipped>
</testcase>
<testcase name="Authentication Flow › should validate required fields" classname="auth/signin-flow.spec.ts" time="0">
<skipped>
</skipped>
</testcase>
<testcase name="Authentication Flow › should allow typing in form fields" classname="auth/signin-flow.spec.ts" time="0">
<skipped>
</skipped>
</testcase>
</testsuite>
<testsuite name="chat/chat-debug.spec.ts" timestamp="2025-06-24T16:26:08.689Z" hostname="chromium" tests="2" failures="0" skipped="2" time="0" errors="0">
<testcase name="Chat Interface Debug › debug chat page loading" classname="chat/chat-debug.spec.ts" time="0">
<skipped>
</skipped>
</testcase>
<testcase name="Chat Interface Debug › check if page redirects or requires auth" classname="chat/chat-debug.spec.ts" time="0">
<skipped>
</skipped>
</testcase>
</testsuite>
<testsuite name="chat/chat-protected.spec.ts" timestamp="2025-06-24T16:26:08.689Z" hostname="chromium" tests="2" failures="0" skipped="2" time="0" errors="0">
<testcase name="Chat Page Protection › should redirect unauthenticated users to sign-in" classname="chat/chat-protected.spec.ts" time="0">
<skipped>
</skipped>
</testcase>
<testcase name="Chat Page Protection › should redirect other protected routes" classname="chat/chat-protected.spec.ts" time="0">
<skipped>
</skipped>
</testcase>
</testsuite>
<testsuite name="chat/chat.test.ts" timestamp="2025-06-24T16:26:08.689Z" hostname="chromium" tests="5" failures="0" skipped="5" time="0" errors="0">
<testcase name="Academic Chat Interface › when authenticated › should display chat interface correctly" classname="chat/chat.test.ts" time="0">
<skipped>
</skipped>
</testcase>
<testcase name="Academic Chat Interface › when authenticated › should allow typing in chat input" classname="chat/chat.test.ts" time="0">
<skipped>
</skipped>
</testcase>
<testcase name="Academic Chat Interface › when authenticated › should enable submit button when text is entered" classname="chat/chat.test.ts" time="0">
<skipped>
</skipped>
</testcase>
<testcase name="Academic Chat Interface › when authenticated › should handle form submission" classname="chat/chat.test.ts" time="0">
<skipped>
</skipped>
</testcase>
<testcase name="Academic Chat Interface › when not authenticated › should redirect to sign-in page" classname="chat/chat.test.ts" time="0">
<skipped>
</skipped>
</testcase>
</testsuite>
<testsuite name="core/app-health.spec.ts" timestamp="2025-06-24T16:26:08.689Z" hostname="chromium" tests="4" failures="0" skipped="4" time="0" errors="0">
<testcase name="Application Health Checks › should load homepage without errors" classname="core/app-health.spec.ts" time="0">
<skipped>
</skipped>
</testcase>
<testcase name="Application Health Checks › should have proper meta tags" classname="core/app-health.spec.ts" time="0">
<skipped>
</skipped>
</testcase>
<testcase name="Application Health Checks › should respond within reasonable time" classname="core/app-health.spec.ts" time="0">
<skipped>
</skipped>
</testcase>
<testcase name="Application Health Checks › should not have console errors" classname="core/app-health.spec.ts" time="0">
<skipped>
</skipped>
</testcase>
</testsuite>
<testsuite name="core/navigation.spec.ts" timestamp="2025-06-24T16:26:08.689Z" hostname="chromium" tests="2" failures="0" skipped="2" time="0" errors="0">
<testcase name="Navigation Tests › should navigate to sign in page" classname="core/navigation.spec.ts" time="0">
<skipped>
</skipped>
</testcase>
<testcase name="Navigation Tests › should navigate to sign up page" classname="core/navigation.spec.ts" time="0">
<skipped>
</skipped>
</testcase>
</testsuite>
<testsuite name="smoke.test.ts" timestamp="2025-06-24T16:26:08.689Z" hostname="chromium" tests="1" failures="0" skipped="1" time="0" errors="0">
<testcase name="simple smoke test" classname="smoke.test.ts" time="0">
<skipped>
</skipped>
</testcase>
</testsuite>
<testsuite name="auth/auth.test.ts" timestamp="2025-06-24T16:26:08.689Z" hostname="firefox" tests="2" failures="0" skipped="2" time="0" errors="0">
<testcase name="Sign In Flow › should display sign-in form correctly" classname="auth/auth.test.ts" time="0">
<skipped>
</skipped>
</testcase>
<testcase name="Sign In Flow › should handle form submission" classname="auth/auth.test.ts" time="0">
<skipped>
</skipped>
</testcase>
</testsuite>
<testsuite name="auth/signin-flow.spec.ts" timestamp="2025-06-24T16:26:08.689Z" hostname="firefox" tests="3" failures="0" skipped="3" time="0" errors="0">
<testcase name="Authentication Flow › should display sign-in page correctly" classname="auth/signin-flow.spec.ts" time="0">
<skipped>
</skipped>
</testcase>
<testcase name="Authentication Flow › should validate required fields" classname="auth/signin-flow.spec.ts" time="0">
<skipped>
</skipped>
</testcase>
<testcase name="Authentication Flow › should allow typing in form fields" classname="auth/signin-flow.spec.ts" time="0">
<skipped>
</skipped>
</testcase>
</testsuite>
<testsuite name="chat/chat-debug.spec.ts" timestamp="2025-06-24T16:26:08.689Z" hostname="firefox" tests="2" failures="0" skipped="2" time="0" errors="0">
<testcase name="Chat Interface Debug › debug chat page loading" classname="chat/chat-debug.spec.ts" time="0">
<skipped>
</skipped>
</testcase>
<testcase name="Chat Interface Debug › check if page redirects or requires auth" classname="chat/chat-debug.spec.ts" time="0">
<skipped>
</skipped>
</testcase>
</testsuite>
<testsuite name="chat/chat-protected.spec.ts" timestamp="2025-06-24T16:26:08.689Z" hostname="firefox" tests="2" failures="0" skipped="2" time="0" errors="0">
<testcase name="Chat Page Protection › should redirect unauthenticated users to sign-in" classname="chat/chat-protected.spec.ts" time="0">
<skipped>
</skipped>
</testcase>
<testcase name="Chat Page Protection › should redirect other protected routes" classname="chat/chat-protected.spec.ts" time="0">
<skipped>
</skipped>
</testcase>
</testsuite>
<testsuite name="chat/chat.test.ts" timestamp="2025-06-24T16:26:08.689Z" hostname="firefox" tests="5" failures="0" skipped="5" time="0" errors="0">
<testcase name="Academic Chat Interface › when authenticated › should display chat interface correctly" classname="chat/chat.test.ts" time="0">
<skipped>
</skipped>
</testcase>
<testcase name="Academic Chat Interface › when authenticated › should allow typing in chat input" classname="chat/chat.test.ts" time="0">
<skipped>
</skipped>
</testcase>
<testcase name="Academic Chat Interface › when authenticated › should enable submit button when text is entered" classname="chat/chat.test.ts" time="0">
<skipped>
</skipped>
</testcase>
<testcase name="Academic Chat Interface › when authenticated › should handle form submission" classname="chat/chat.test.ts" time="0">
<skipped>
</skipped>
</testcase>
<testcase name="Academic Chat Interface › when not authenticated › should redirect to sign-in page" classname="chat/chat.test.ts" time="0">
<skipped>
</skipped>
</testcase>
</testsuite>
<testsuite name="core/app-health.spec.ts" timestamp="2025-06-24T16:26:08.689Z" hostname="firefox" tests="4" failures="0" skipped="4" time="0" errors="0">
<testcase name="Application Health Checks › should load homepage without errors" classname="core/app-health.spec.ts" time="0">
<skipped>
</skipped>
</testcase>
<testcase name="Application Health Checks › should have proper meta tags" classname="core/app-health.spec.ts" time="0">
<skipped>
</skipped>
</testcase>
<testcase name="Application Health Checks › should respond within reasonable time" classname="core/app-health.spec.ts" time="0">
<skipped>
</skipped>
</testcase>
<testcase name="Application Health Checks › should not have console errors" classname="core/app-health.spec.ts" time="0">
<skipped>
</skipped>
</testcase>
</testsuite>
<testsuite name="core/navigation.spec.ts" timestamp="2025-06-24T16:26:08.689Z" hostname="firefox" tests="2" failures="0" skipped="2" time="0" errors="0">
<testcase name="Navigation Tests › should navigate to sign in page" classname="core/navigation.spec.ts" time="0">
<skipped>
</skipped>
</testcase>
<testcase name="Navigation Tests › should navigate to sign up page" classname="core/navigation.spec.ts" time="0">
<skipped>
</skipped>
</testcase>
</testsuite>
<testsuite name="smoke.test.ts" timestamp="2025-06-24T16:26:08.689Z" hostname="firefox" tests="1" failures="0" skipped="1" time="0" errors="0">
<testcase name="simple smoke test" classname="smoke.test.ts" time="0">
<skipped>
</skipped>
</testcase>
</testsuite>
<testsuite name="auth/auth.test.ts" timestamp="2025-06-24T16:26:08.689Z" hostname="webkit" tests="2" failures="0" skipped="2" time="0" errors="0">
<testcase name="Sign In Flow › should display sign-in form correctly" classname="auth/auth.test.ts" time="0">
<skipped>
</skipped>
</testcase>
<testcase name="Sign In Flow › should handle form submission" classname="auth/auth.test.ts" time="0">
<skipped>
</skipped>
</testcase>
</testsuite>
<testsuite name="auth/signin-flow.spec.ts" timestamp="2025-06-24T16:26:08.689Z" hostname="webkit" tests="3" failures="0" skipped="3" time="0" errors="0">
<testcase name="Authentication Flow › should display sign-in page correctly" classname="auth/signin-flow.spec.ts" time="0">
<skipped>
</skipped>
</testcase>
<testcase name="Authentication Flow › should validate required fields" classname="auth/signin-flow.spec.ts" time="0">
<skipped>
</skipped>
</testcase>
<testcase name="Authentication Flow › should allow typing in form fields" classname="auth/signin-flow.spec.ts" time="0">
<skipped>
</skipped>
</testcase>
</testsuite>
<testsuite name="chat/chat-debug.spec.ts" timestamp="2025-06-24T16:26:08.689Z" hostname="webkit" tests="2" failures="0" skipped="2" time="0" errors="0">
<testcase name="Chat Interface Debug › debug chat page loading" classname="chat/chat-debug.spec.ts" time="0">
<skipped>
</skipped>
</testcase>
<testcase name="Chat Interface Debug › check if page redirects or requires auth" classname="chat/chat-debug.spec.ts" time="0">
<skipped>
</skipped>
</testcase>
</testsuite>
<testsuite name="chat/chat-protected.spec.ts" timestamp="2025-06-24T16:26:08.689Z" hostname="webkit" tests="2" failures="0" skipped="2" time="0" errors="0">
<testcase name="Chat Page Protection › should redirect unauthenticated users to sign-in" classname="chat/chat-protected.spec.ts" time="0">
<skipped>
</skipped>
</testcase>
<testcase name="Chat Page Protection › should redirect other protected routes" classname="chat/chat-protected.spec.ts" time="0">
<skipped>
</skipped>
</testcase>
</testsuite>
<testsuite name="chat/chat.test.ts" timestamp="2025-06-24T16:26:08.689Z" hostname="webkit" tests="5" failures="0" skipped="5" time="0" errors="0">
<testcase name="Academic Chat Interface › when authenticated › should display chat interface correctly" classname="chat/chat.test.ts" time="0">
<skipped>
</skipped>
</testcase>
<testcase name="Academic Chat Interface › when authenticated › should allow typing in chat input" classname="chat/chat.test.ts" time="0">
<skipped>
</skipped>
</testcase>
<testcase name="Academic Chat Interface › when authenticated › should enable submit button when text is entered" classname="chat/chat.test.ts" time="0">
<skipped>
</skipped>
</testcase>
<testcase name="Academic Chat Interface › when authenticated › should handle form submission" classname="chat/chat.test.ts" time="0">
<skipped>
</skipped>
</testcase>
<testcase name="Academic Chat Interface › when not authenticated › should redirect to sign-in page" classname="chat/chat.test.ts" time="0">
<skipped>
</skipped>
</testcase>
</testsuite>
<testsuite name="core/app-health.spec.ts" timestamp="2025-06-24T16:26:08.689Z" hostname="webkit" tests="4" failures="0" skipped="4" time="0" errors="0">
<testcase name="Application Health Checks › should load homepage without errors" classname="core/app-health.spec.ts" time="0">
<skipped>
</skipped>
</testcase>
<testcase name="Application Health Checks › should have proper meta tags" classname="core/app-health.spec.ts" time="0">
<skipped>
</skipped>
</testcase>
<testcase name="Application Health Checks › should respond within reasonable time" classname="core/app-health.spec.ts" time="0">
<skipped>
</skipped>
</testcase>
<testcase name="Application Health Checks › should not have console errors" classname="core/app-health.spec.ts" time="0">
<skipped>
</skipped>
</testcase>
</testsuite>
<testsuite name="core/navigation.spec.ts" timestamp="2025-06-24T16:26:08.689Z" hostname="webkit" tests="2" failures="0" skipped="2" time="0" errors="0">
<testcase name="Navigation Tests › should navigate to sign in page" classname="core/navigation.spec.ts" time="0">
<skipped>
</skipped>
</testcase>
<testcase name="Navigation Tests › should navigate to sign up page" classname="core/navigation.spec.ts" time="0">
<skipped>
</skipped>
</testcase>
</testsuite>
<testsuite name="smoke.test.ts" timestamp="2025-06-24T16:26:08.689Z" hostname="webkit" tests="1" failures="0" skipped="1" time="0" errors="0">
<testcase name="simple smoke test" classname="smoke.test.ts" time="0">
<skipped>
</skipped>
</testcase>
</testsuite>
<testsuite name="auth/auth.test.ts" timestamp="2025-06-24T16:26:08.689Z" hostname="Mobile Chrome" tests="2" failures="0" skipped="2" time="0" errors="0">
<testcase name="Sign In Flow › should display sign-in form correctly" classname="auth/auth.test.ts" time="0">
<skipped>
</skipped>
</testcase>
<testcase name="Sign In Flow › should handle form submission" classname="auth/auth.test.ts" time="0">
<skipped>
</skipped>
</testcase>
</testsuite>
<testsuite name="auth/signin-flow.spec.ts" timestamp="2025-06-24T16:26:08.689Z" hostname="Mobile Chrome" tests="3" failures="0" skipped="3" time="0" errors="0">
<testcase name="Authentication Flow › should display sign-in page correctly" classname="auth/signin-flow.spec.ts" time="0">
<skipped>
</skipped>
</testcase>
<testcase name="Authentication Flow › should validate required fields" classname="auth/signin-flow.spec.ts" time="0">
<skipped>
</skipped>
</testcase>
<testcase name="Authentication Flow › should allow typing in form fields" classname="auth/signin-flow.spec.ts" time="0">
<skipped>
</skipped>
</testcase>
</testsuite>
<testsuite name="chat/chat-debug.spec.ts" timestamp="2025-06-24T16:26:08.689Z" hostname="Mobile Chrome" tests="2" failures="0" skipped="2" time="0" errors="0">
<testcase name="Chat Interface Debug › debug chat page loading" classname="chat/chat-debug.spec.ts" time="0">
<skipped>
</skipped>
</testcase>
<testcase name="Chat Interface Debug › check if page redirects or requires auth" classname="chat/chat-debug.spec.ts" time="0">
<skipped>
</skipped>
</testcase>
</testsuite>
<testsuite name="chat/chat-protected.spec.ts" timestamp="2025-06-24T16:26:08.689Z" hostname="Mobile Chrome" tests="2" failures="0" skipped="2" time="0" errors="0">
<testcase name="Chat Page Protection › should redirect unauthenticated users to sign-in" classname="chat/chat-protected.spec.ts" time="0">
<skipped>
</skipped>
</testcase>
<testcase name="Chat Page Protection › should redirect other protected routes" classname="chat/chat-protected.spec.ts" time="0">
<skipped>
</skipped>
</testcase>
</testsuite>
<testsuite name="chat/chat.test.ts" timestamp="2025-06-24T16:26:08.689Z" hostname="Mobile Chrome" tests="5" failures="0" skipped="5" time="0" errors="0">
<testcase name="Academic Chat Interface › when authenticated › should display chat interface correctly" classname="chat/chat.test.ts" time="0">
<skipped>
</skipped>
</testcase>
<testcase name="Academic Chat Interface › when authenticated › should allow typing in chat input" classname="chat/chat.test.ts" time="0">
<skipped>
</skipped>
</testcase>
<testcase name="Academic Chat Interface › when authenticated › should enable submit button when text is entered" classname="chat/chat.test.ts" time="0">
<skipped>
</skipped>
</testcase>
<testcase name="Academic Chat Interface › when authenticated › should handle form submission" classname="chat/chat.test.ts" time="0">
<skipped>
</skipped>
</testcase>
<testcase name="Academic Chat Interface › when not authenticated › should redirect to sign-in page" classname="chat/chat.test.ts" time="0">
<skipped>
</skipped>
</testcase>
</testsuite>
<testsuite name="core/app-health.spec.ts" timestamp="2025-06-24T16:26:08.689Z" hostname="Mobile Chrome" tests="4" failures="0" skipped="4" time="0" errors="0">
<testcase name="Application Health Checks › should load homepage without errors" classname="core/app-health.spec.ts" time="0">
<skipped>
</skipped>
</testcase>
<testcase name="Application Health Checks › should have proper meta tags" classname="core/app-health.spec.ts" time="0">
<skipped>
</skipped>
</testcase>
<testcase name="Application Health Checks › should respond within reasonable time" classname="core/app-health.spec.ts" time="0">
<skipped>
</skipped>
</testcase>
<testcase name="Application Health Checks › should not have console errors" classname="core/app-health.spec.ts" time="0">
<skipped>
</skipped>
</testcase>
</testsuite>
<testsuite name="core/navigation.spec.ts" timestamp="2025-06-24T16:26:08.689Z" hostname="Mobile Chrome" tests="2" failures="0" skipped="2" time="0" errors="0">
<testcase name="Navigation Tests › should navigate to sign in page" classname="core/navigation.spec.ts" time="0">
<skipped>
</skipped>
</testcase>
<testcase name="Navigation Tests › should navigate to sign up page" classname="core/navigation.spec.ts" time="0">
<skipped>
</skipped>
</testcase>
</testsuite>
<testsuite name="smoke.test.ts" timestamp="2025-06-24T16:26:08.689Z" hostname="Mobile Chrome" tests="1" failures="0" skipped="1" time="0" errors="0">
<testcase name="simple smoke test" classname="smoke.test.ts" time="0">
<skipped>
</skipped>
</testcase>
</testsuite>
<testsuite name="auth/auth.test.ts" timestamp="2025-06-24T16:26:08.689Z" hostname="Mobile Safari" tests="2" failures="0" skipped="2" time="0" errors="0">
<testcase name="Sign In Flow › should display sign-in form correctly" classname="auth/auth.test.ts" time="0">
<skipped>
</skipped>
</testcase>
<testcase name="Sign In Flow › should handle form submission" classname="auth/auth.test.ts" time="0">
<skipped>
</skipped>
</testcase>
</testsuite>
<testsuite name="auth/signin-flow.spec.ts" timestamp="2025-06-24T16:26:08.689Z" hostname="Mobile Safari" tests="3" failures="0" skipped="3" time="0" errors="0">
<testcase name="Authentication Flow › should display sign-in page correctly" classname="auth/signin-flow.spec.ts" time="0">
<skipped>
</skipped>
</testcase>
<testcase name="Authentication Flow › should validate required fields" classname="auth/signin-flow.spec.ts" time="0">
<skipped>
</skipped>
</testcase>
<testcase name="Authentication Flow › should allow typing in form fields" classname="auth/signin-flow.spec.ts" time="0">
<skipped>
</skipped>
</testcase>
</testsuite>
<testsuite name="chat/chat-debug.spec.ts" timestamp="2025-06-24T16:26:08.689Z" hostname="Mobile Safari" tests="2" failures="0" skipped="2" time="0" errors="0">
<testcase name="Chat Interface Debug › debug chat page loading" classname="chat/chat-debug.spec.ts" time="0">
<skipped>
</skipped>
</testcase>
<testcase name="Chat Interface Debug › check if page redirects or requires auth" classname="chat/chat-debug.spec.ts" time="0">
<skipped>
</skipped>
</testcase>
</testsuite>
<testsuite name="chat/chat-protected.spec.ts" timestamp="2025-06-24T16:26:08.689Z" hostname="Mobile Safari" tests="2" failures="0" skipped="2" time="0" errors="0">
<testcase name="Chat Page Protection › should redirect unauthenticated users to sign-in" classname="chat/chat-protected.spec.ts" time="0">
<skipped>
</skipped>
</testcase>
<testcase name="Chat Page Protection › should redirect other protected routes" classname="chat/chat-protected.spec.ts" time="0">
<skipped>
</skipped>
</testcase>
</testsuite>
<testsuite name="chat/chat.test.ts" timestamp="2025-06-24T16:26:08.689Z" hostname="Mobile Safari" tests="5" failures="0" skipped="5" time="0" errors="0">
<testcase name="Academic Chat Interface › when authenticated › should display chat interface correctly" classname="chat/chat.test.ts" time="0">
<skipped>
</skipped>
</testcase>
<testcase name="Academic Chat Interface › when authenticated › should allow typing in chat input" classname="chat/chat.test.ts" time="0">
<skipped>
</skipped>
</testcase>
<testcase name="Academic Chat Interface › when authenticated › should enable submit button when text is entered" classname="chat/chat.test.ts" time="0">
<skipped>
</skipped>
</testcase>
<testcase name="Academic Chat Interface › when authenticated › should handle form submission" classname="chat/chat.test.ts" time="0">
<skipped>
</skipped>
</testcase>
<testcase name="Academic Chat Interface › when not authenticated › should redirect to sign-in page" classname="chat/chat.test.ts" time="0">
<skipped>
</skipped>
</testcase>
</testsuite>
<testsuite name="core/app-health.spec.ts" timestamp="2025-06-24T16:26:08.689Z" hostname="Mobile Safari" tests="4" failures="0" skipped="4" time="0" errors="0">
<testcase name="Application Health Checks › should load homepage without errors" classname="core/app-health.spec.ts" time="0">
<skipped>
</skipped>
</testcase>
<testcase name="Application Health Checks › should have proper meta tags" classname="core/app-health.spec.ts" time="0">
<skipped>
</skipped>
</testcase>
<testcase name="Application Health Checks › should respond within reasonable time" classname="core/app-health.spec.ts" time="0">
<skipped>
</skipped>
</testcase>
<testcase name="Application Health Checks › should not have console errors" classname="core/app-health.spec.ts" time="0">
<skipped>
</skipped>
</testcase>
</testsuite>
<testsuite name="core/navigation.spec.ts" timestamp="2025-06-24T16:26:08.689Z" hostname="Mobile Safari" tests="2" failures="0" skipped="2" time="0" errors="0">
<testcase name="Navigation Tests › should navigate to sign in page" classname="core/navigation.spec.ts" time="0">
<skipped>
</skipped>
</testcase>
<testcase name="Navigation Tests › should navigate to sign up page" classname="core/navigation.spec.ts" time="0">
<skipped>
</skipped>
</testcase>
</testsuite>
<testsuite name="smoke.test.ts" timestamp="2025-06-24T16:26:08.689Z" hostname="Mobile Safari" tests="1" failures="0" skipped="1" time="0" errors="0">
<testcase name="simple smoke test" classname="smoke.test.ts" time="0">
<skipped>
</skipped>
</testcase>
</testsuite>
</testsuites>