<testsuites id="" name="" tests="2" failures="0" skipped="0" errors="0" time="4.786440999999642">
<testsuite name="auth/auth.test.ts" timestamp="2025-07-02T02:07:26.913Z" hostname="chromium" tests="2" failures="0" skipped="0" time="5.696" errors="0">
<testcase name="Sign In Flow › should display sign-in form correctly" classname="auth/auth.test.ts" time="2.536">
<system-out>
<![CDATA[📍 Navigated to Sign In: "academico-ai" at /sign-in/, URL is http://localhost:3000/sign-in/.
📍 Sign-in form loaded: "academico-ai" at /sign-in/, URL is http://localhost:3000/sign-in/.
]]>
</system-out>
</testcase>
<testcase name="Sign In Flow › should handle form submission" classname="auth/auth.test.ts" time="3.16">
<system-out>
<![CDATA[📍 Navigated to Sign In: "academico-ai" at /sign-in/, URL is http://localhost:3000/sign-in/.
📝 Filled sign-in form with: test@example.com
🔄 Submitted sign-in form
🎯 Sign-in attempt resulted in route: /sign-in/
]]>
</system-out>
</testcase>
</testsuite>
</testsuites>