<testsuites id="" name="" tests="1" failures="1" skipped="0" errors="0" time="7.59501099999994">
<testsuite name="routing/routing.test.ts" timestamp="2025-07-09T00:31:17.889Z" hostname="chromium" tests="1" failures="1" skipped="0" time="6.147" errors="0">
<testcase name="Routing â€º Academic Chat page loads (authenticated)" classname="routing/routing.test.ts" time="6.147">
<failure message="routing.test.ts:14:7 Academic Chat page loads (authenticated)" type="FAILURE">
<![CDATA[  [chromium] â€º routing/routing.test.ts:14:7 â€º Routing â€º Academic Chat page loads (authenticated) â”€â”€â”€

    Error: Timed out 5000ms waiting for expect(locator).toBeVisible()

    Locator: getByText(/chat|upload|pdf/i)
    Expected: visible
    Received: <element(s) not found>
    Call log:
      - Expect "toBeVisible" with timeout 5000ms
      - waiting for getByText(/chat|upload|pdf/i)


      24 |
      25 |     // Check for a unique element or heading on the chat page
    > 26 |     await expect(page.getByText(/chat|upload|pdf/i)).toBeVisible();
         |                                                      ^
      27 |   });
      28 |
      29 |   test('404 page for unknown route', async ({ page }) => {
        at /Users/xingxingxiao/Documents/GitHub/academico-ai/tests/e2e/routing/routing.test.ts:26:54

    attachment #1: screenshot (image/png) â”€â”€â”€â”€â”€â”€â”€â”€â”€â”€â”€â”€â”€â”€â”€â”€â”€â”€â”€â”€â”€â”€â”€â”€â”€â”€â”€â”€â”€â”€â”€â”€â”€â”€â”€â”€â”€â”€â”€â”€â”€â”€â”€â”€â”€â”€â”€â”€â”€â”€â”€â”€â”€â”€â”€â”€â”€â”€
    test-configs/test-configs/test-results/routing-routing-Routing-Ac-8c492-t-page-loads-authenticated--chromium/test-failed-1.png
    â”€â”€â”€â”€â”€â”€â”€â”€â”€â”€â”€â”€â”€â”€â”€â”€â”€â”€â”€â”€â”€â”€â”€â”€â”€â”€â”€â”€â”€â”€â”€â”€â”€â”€â”€â”€â”€â”€â”€â”€â”€â”€â”€â”€â”€â”€â”€â”€â”€â”€â”€â”€â”€â”€â”€â”€â”€â”€â”€â”€â”€â”€â”€â”€â”€â”€â”€â”€â”€â”€â”€â”€â”€â”€â”€â”€â”€â”€â”€â”€â”€â”€â”€â”€â”€â”€â”€â”€â”€â”€â”€â”€â”€â”€â”€â”€

    attachment #2: video (video/webm) â”€â”€â”€â”€â”€â”€â”€â”€â”€â”€â”€â”€â”€â”€â”€â”€â”€â”€â”€â”€â”€â”€â”€â”€â”€â”€â”€â”€â”€â”€â”€â”€â”€â”€â”€â”€â”€â”€â”€â”€â”€â”€â”€â”€â”€â”€â”€â”€â”€â”€â”€â”€â”€â”€â”€â”€â”€â”€â”€â”€â”€â”€
    test-configs/test-configs/test-results/routing-routing-Routing-Ac-8c492-t-page-loads-authenticated--chromium/video.webm
    â”€â”€â”€â”€â”€â”€â”€â”€â”€â”€â”€â”€â”€â”€â”€â”€â”€â”€â”€â”€â”€â”€â”€â”€â”€â”€â”€â”€â”€â”€â”€â”€â”€â”€â”€â”€â”€â”€â”€â”€â”€â”€â”€â”€â”€â”€â”€â”€â”€â”€â”€â”€â”€â”€â”€â”€â”€â”€â”€â”€â”€â”€â”€â”€â”€â”€â”€â”€â”€â”€â”€â”€â”€â”€â”€â”€â”€â”€â”€â”€â”€â”€â”€â”€â”€â”€â”€â”€â”€â”€â”€â”€â”€â”€â”€â”€

    Error Context: ../../test-configs/test-configs/test-results/routing-routing-Routing-Ac-8c492-t-page-loads-authenticated--chromium/error-context.md
]]>
</failure>
<system-out>
<![CDATA[ðŸ” Authentication status: Authenticated
âœ… Already authenticated
ðŸ”‘ Authenticated: [33mtrue[39m
ðŸŒ URL after login: about:blank
ðŸŒ URL after goto /academic-chat: http://localhost:3000/academic-chat/

[[ATTACHMENT|routing-routing-Routing-Ac-8c492-t-page-loads-authenticated--chromium/test-failed-1.png]]

[[ATTACHMENT|routing-routing-Routing-Ac-8c492-t-page-loads-authenticated--chromium/video.webm]]

[[ATTACHMENT|routing-routing-Routing-Ac-8c492-t-page-loads-authenticated--chromium/error-context.md]]
]]>
</system-out>
</testcase>
</testsuite>
</testsuites>